Unity Editor version:    2022.1.4f1 (76dd1f94b339)
Branch:                  2022.1/staging
Build type:              Release
Batch mode:              YES
macOS version:           Version 12.4 (Build 21F79)
Darwin version:          21.5.0
Architecture:            x86_64
Running under Rosetta:   NO
Available memory:        8192 MB
Using pre-set license
Pro License: YES

COMMAND LINE ARGUMENTS:
/Applications/Unity/Hub/Editor/2022.1.4f1/Unity.app/Contents/MacOS/Unity
-adb2
-batchMode
-noUpm
-name
AssetImportWorker1
-projectPath
/Users/josephsuperkiwi/Documents/Repositorios/Game-DashCoins/Dash De Coins
-logFile
Logs/AssetImportWorker1.log
-srvPort
52151
Successfully changed project path to: /Users/josephsuperkiwi/Documents/Repositorios/Game-DashCoins/Dash De Coins
/Users/josephsuperkiwi/Documents/Repositorios/Game-DashCoins/Dash De Coins
[UnityMemory] Configuration Parameters - Can be set up in boot.config
    "memorysetup-bucket-allocator-granularity=16"
    "memorysetup-bucket-allocator-bucket-count=8"
    "memorysetup-bucket-allocator-block-size=33554432"
    "memorysetup-bucket-allocator-block-count=8"
    "memorysetup-main-allocator-block-size=16777216"
    "memorysetup-thread-allocator-block-size=16777216"
    "memorysetup-gfx-main-allocator-block-size=16777216"
    "memorysetup-gfx-thread-allocator-block-size=16777216"
    "memorysetup-cache-allocator-block-size=4194304"
    "memorysetup-typetree-allocator-block-size=2097152"
    "memorysetup-profiler-bucket-allocator-granularity=16"
    "memorysetup-profiler-bucket-allocator-bucket-count=8"
    "memorysetup-profiler-bucket-allocator-block-size=33554432"
    "memorysetup-profiler-bucket-allocator-block-count=8"
    "memorysetup-profiler-allocator-block-size=16777216"
    "memorysetup-profiler-editor-allocator-block-size=1048576"
    "memorysetup-temp-allocator-size-main=16777216"
    "memorysetup-job-temp-allocator-block-size=2097152"
    "memorysetup-job-temp-allocator-block-size-background=1048576"
    "memorysetup-job-temp-allocator-reduction-small-platforms=262144"
    "memorysetup-temp-allocator-size-background-worker=32768"
    "memorysetup-temp-allocator-size-job-worker=262144"
    "memorysetup-temp-allocator-size-preload-manager=33554432"
    "memorysetup-temp-allocator-size-nav-mesh-worker=65536"
    "memorysetup-temp-allocator-size-audio-worker=65536"
    "memorysetup-temp-allocator-size-cloud-worker=32768"
    "memorysetup-temp-allocator-size-gi-baking-worker=262144"
    "memorysetup-temp-allocator-size-gfx=262144"
Refreshing native plugins compatible for Editor in 54.54 ms, found 2 plugins.
Preloading 0 native plugins for Editor in 0.00 ms.
Initialize engine version: 2022.1.4f1 (76dd1f94b339)
[Subsystems] Discovering subsystems at path /Applications/Unity/Hub/Editor/2022.1.4f1/Unity.app/Contents/Resources/UnitySubsystems
[Subsystems] Discovering subsystems at path /Users/josephsuperkiwi/Documents/Repositorios/Game-DashCoins/Dash De Coins/Assets
GfxDevice: creating device client; threaded=0; jobified=0
Color LCD preferred device: Intel(R) Iris(TM) Plus Graphics 645 (low power)
Metal devices available: 1
0: Intel(R) Iris(TM) Plus Graphics 645 (low power)
Using device Intel(R) Iris(TM) Plus Graphics 645 (low power)
Initializing Metal device caps: Intel(R) Iris(TM) Plus Graphics 645
Initialize mono
Mono path[0] = '/Applications/Unity/Hub/Editor/2022.1.4f1/Unity.app/Contents/Managed'
Mono path[1] = '/Applications/Unity/Hub/Editor/2022.1.4f1/Unity.app/Contents/MonoBleedingEdge/lib/mono/unityjit-macos'
Mono config path = '/Applications/Unity/Hub/Editor/2022.1.4f1/Unity.app/Contents/MonoBleedingEdge/etc'
Using monoOptions --debugger-agent=transport=dt_socket,embedding=1,server=y,suspend=n,address=127.0.0.1:56316
Begin MonoManager ReloadAssembly
Registering precompiled unity dll's ...
Register platform support module: /Applications/Unity/Hub/Editor/2022.1.4f1/Unity.app/Contents/PlaybackEngines/MacStandaloneSupport/UnityEditor.OSXStandalone.Extensions.dll
Registered in 0.000825 seconds.
Native extension for OSXStandalone target not found
Refreshing native plugins compatible for Editor in 50.26 ms, found 2 plugins.
Preloading 0 native plugins for Editor in 0.00 ms.
Mono: successfully reloaded assembly
- Completed reload, in  0.850 seconds
Domain Reload Profiling:
	ReloadAssembly (851ms)
		BeginReloadAssembly (83ms)
			ExecutionOrderSort (0ms)
			DisableScriptedObjects (0ms)
			BackupInstance (0ms)
			ReleaseScriptingObjects (0ms)
			CreateAndSetChildDomain (1ms)
		EndReloadAssembly (613ms)
			LoadAssemblies (82ms)
			RebuildTransferFunctionScriptingTraits (0ms)
			SetupTypeCache (187ms)
				TypeCache.Initialize (186ms)
					TypeCache.ScanAssembly (185ms)
				ResolveRequiredComponents (1ms)
			ReleaseScriptCaches (0ms)
			RebuildScriptCaches (49ms)
			SetupLoadedEditorAssemblies (306ms)
				LogAssemblyErrors (0ms)
				InitializePlatformSupportModulesInManaged (9ms)
				SetLoadedEditorAssemblies (10ms)
				RefreshPlugins (50ms)
				BeforeProcessingInitializeOnLoad (1ms)
				ProcessInitializeOnLoadAttributes (177ms)
				ProcessInitializeOnLoadMethodAttributes (57ms)
				AfterProcessingInitializeOnLoad (0ms)
				EditorAssembliesLoaded (0ms)
			ExecutionOrderSort2 (0ms)
			AwakeInstancesAfterBackupRestoration (0ms)
Platform modules already initialized, skipping
Registering precompiled user dll's ...
Registered in 0.002151 seconds.
Begin MonoManager ReloadAssembly
Native extension for OSXStandalone target not found
Refreshing native plugins compatible for Editor in 0.79 ms, found 2 plugins.
Preloading 0 native plugins for Editor in 0.00 ms.
Package Manager log level set to [2]
[Package Manager] Server::EnsureServerProcessIsRunning -- launch failed, reason: Unity was launched with the -noUpm command-line argument
[Package Manager] UpmClient::Send -- Unable to send message (not connected to UPM process).
[Package Manager] Cannot connect to Unity Package Manager local server
Mono: successfully reloaded assembly
- Completed reload, in  1.461 seconds
Domain Reload Profiling:
	ReloadAssembly (1462ms)
		BeginReloadAssembly (142ms)
			ExecutionOrderSort (0ms)
			DisableScriptedObjects (7ms)
			BackupInstance (0ms)
			ReleaseScriptingObjects (0ms)
			CreateAndSetChildDomain (28ms)
		EndReloadAssembly (1124ms)
			LoadAssemblies (119ms)
			RebuildTransferFunctionScriptingTraits (0ms)
			SetupTypeCache (284ms)
				TypeCache.Initialize (281ms)
					TypeCache.ScanAssembly (277ms)
				ResolveRequiredComponents (4ms)
			ReleaseScriptCaches (1ms)
			RebuildScriptCaches (69ms)
			SetupLoadedEditorAssemblies (588ms)
				LogAssemblyErrors (0ms)
				InitializePlatformSupportModulesInManaged (4ms)
				SetLoadedEditorAssemblies (8ms)
				RefreshPlugins (1ms)
				BeforeProcessingInitializeOnLoad (69ms)
				ProcessInitializeOnLoadAttributes (332ms)
				ProcessInitializeOnLoadMethodAttributes (174ms)
				AfterProcessingInitializeOnLoad (1ms)
				EditorAssembliesLoaded (0ms)
			ExecutionOrderSort2 (0ms)
			AwakeInstancesAfterBackupRestoration (5ms)
Platform modules already initialized, skipping
========================================================================
Worker process is ready to serve import requests
Launching external process: /Applications/Unity/Hub/Editor/2022.1.4f1/Unity.app/Contents/Tools/UnityShaderCompiler
Launched and connected shader compiler UnityShaderCompiler after 0.07 seconds
Refreshing native plugins compatible for Editor in 0.75 ms, found 2 plugins.
Preloading 0 native plugins for Editor in 0.00 ms.
Unloading 2328 Unused Serialized files (Serialized files now loaded: 0)
Unloading 53 unused Assets / (45.3 KB). Loaded Objects now: 2770.
Memory consumption went from 468.9 MB to 468.8 MB.
Total: 8.591552 ms (FindLiveObjects: 0.253351 ms CreateObjectMapping: 0.287503 ms MarkObjects: 7.961090 ms  DeleteObjects: 0.088601 ms)

AssetImportParameters requested are different than current active one (requested -> active):
  custom:video-decoder-ogg-theora: a1e56fd34408186e4bbccfd4996cb3dc -> 
  custom:container-muxer-webm: aa71ff27fc2769a1b78a27578f13a17b -> 
  custom:container-demuxer-webm: 4f35f7cbe854078d1ac9338744f61a02 -> 
  custom:video-encoder-webm-vp8: eb34c28f22e8b96e1ab97ce403110664 -> 
  custom:framework-osx-AVFoundation: e770b220cccbd017edd2c1fefb359320 -> 
  custom:audio-encoder-webm-vorbis: bf7c407c2cedff20999df2af8eb42d56 -> 
  custom:container-demuxer-ogg: 62fdf1f143b41e24485cea50d1cbac27 -> 
  custom:video-decoder-webm-vp8: 9c59270c3fd7afecdb556c50c9e8de78 -> 
  custom:audio-decoder-ogg-vorbis: bf7c407c2cedff20999df2af8eb42d56 -> 
========================================================================
Received Import Request.
  Time since last request: 5930.778515 seconds.
  path: Assets/Prefabs/platform.prefab
  artifactKey: Guid(127f2d7d54ed2584a9bdbf5b25ac1c0c) Importer(815301076,1909f56bfc062723c751e8b465ee728b)
Start importing Assets/Prefabs/platform.prefab using Guid(127f2d7d54ed2584a9bdbf5b25ac1c0c) Importer(815301076,1909f56bfc062723c751e8b465ee728b)  -> (artifact id: 'a78dc924af0993c131bd4427d68e5a42') in 0.359959 seconds 
========================================================================
Received Import Request.
  Time since last request: 0.000092 seconds.
  path: Assets/Prefabs/PowerX2.prefab
  artifactKey: Guid(5e44fb0cc7f19ac43a7a85dfcddfca59) Importer(815301076,1909f56bfc062723c751e8b465ee728b)
Start importing Assets/Prefabs/PowerX2.prefab using Guid(5e44fb0cc7f19ac43a7a85dfcddfca59) Importer(815301076,1909f56bfc062723c751e8b465ee728b)  -> (artifact id: '09fc4a1fbf5c8d94b1ccf79058e8bd17') in 0.014972 seconds 
========================================================================
Received Import Request.
  Time since last request: 0.000085 seconds.
  path: Assets/Scenes/Dash de coins.unity
  artifactKey: Guid(d5176d786fd51b54595ba8f6318f9f4f) Importer(815301076,1909f56bfc062723c751e8b465ee728b)
Start importing Assets/Scenes/Dash de coins.unity using Guid(d5176d786fd51b54595ba8f6318f9f4f) Importer(815301076,1909f56bfc062723c751e8b465ee728b)  -> (artifact id: '9b234d8883a29f205bb88df2ab56a763') in 0.000751 seconds 
========================================================================
Received Import Request.
  Time since last request: 0.000099 seconds.
  path: Assets/Prefabs/PowerX4.prefab
  artifactKey: Guid(cc51f753247d4c144aaf8953d4cb6682) Importer(815301076,1909f56bfc062723c751e8b465ee728b)
Start importing Assets/Prefabs/PowerX4.prefab using Guid(cc51f753247d4c144aaf8953d4cb6682) Importer(815301076,1909f56bfc062723c751e8b465ee728b)  -> (artifact id: '325cb7f5985b05bc88c24ce14399ed24') in 0.011738 seconds 
========================================================================
Received Import Request.
  Time since last request: 0.000060 seconds.
  path: Assets/Scenes/Final.unity
  artifactKey: Guid(7e4636a7d53413f4fbbdcb475ea0f41d) Importer(815301076,1909f56bfc062723c751e8b465ee728b)
Start importing Assets/Scenes/Final.unity using Guid(7e4636a7d53413f4fbbdcb475ea0f41d) Importer(815301076,1909f56bfc062723c751e8b465ee728b)  -> (artifact id: 'e62717a5f1022120d9c7347a09f1b010') in 0.000670 seconds 
========================================================================
Received Import Request.
  Time since last request: 0.000061 seconds.
  path: Assets/Prefabs/PowerX3.prefab
  artifactKey: Guid(952a9f36675882a4e81d02d9b434607d) Importer(815301076,1909f56bfc062723c751e8b465ee728b)
Start importing Assets/Prefabs/PowerX3.prefab using Guid(952a9f36675882a4e81d02d9b434607d) Importer(815301076,1909f56bfc062723c751e8b465ee728b)  -> (artifact id: '3ee46534469270208809b73a81916a1d') in 0.008429 seconds 
========================================================================
Received Import Request.
  Time since last request: 0.000056 seconds.
  path: Assets/Prefabs/Plataforma.prefab
  artifactKey: Guid(a6e9da7d5a0b1a648b06cab21f802733) Importer(815301076,1909f56bfc062723c751e8b465ee728b)
Start importing Assets/Prefabs/Plataforma.prefab using Guid(a6e9da7d5a0b1a648b06cab21f802733) Importer(815301076,1909f56bfc062723c751e8b465ee728b)  -> (artifact id: 'ff1a0423132af9b8ad458459003c0024') in 0.017234 seconds 
========================================================================
Received Import Request.
  Time since last request: 0.000086 seconds.
  path: Assets/Prefabs/Personaje.prefab
  artifactKey: Guid(3fe9793d0dfcad6449013dc4ba50206f) Importer(815301076,1909f56bfc062723c751e8b465ee728b)
Start importing Assets/Prefabs/Personaje.prefab using Guid(3fe9793d0dfcad6449013dc4ba50206f) Importer(815301076,1909f56bfc062723c751e8b465ee728b)  -> (artifact id: 'b9c5a2d88d4e4e974ac8afd42a4b20f4') in 0.012046 seconds 
========================================================================
Received Import Request.
  Time since last request: 26.130580 seconds.
  path: Assets/Sprites/500_F_237124506_hYXF6ahxlaMrObllwDX7x1kqm9Sarb4P.png
  artifactKey: Guid(c14ee83aa15190e46acebda2c6abd633) Importer(815301076,1909f56bfc062723c751e8b465ee728b)
Start importing Assets/Sprites/500_F_237124506_hYXF6ahxlaMrObllwDX7x1kqm9Sarb4P.png using Guid(c14ee83aa15190e46acebda2c6abd633) Importer(815301076,1909f56bfc062723c751e8b465ee728b)  -> (artifact id: '0a141162948b1fa125789372fce64f21') in 1.433549 seconds 
========================================================================
Received Import Request.
  Time since last request: 0.000064 seconds.
  path: Assets/Sprites/bg-hills.png
  artifactKey: Guid(3c3cbdd1daee19f4b93e1276faa42668) Importer(815301076,1909f56bfc062723c751e8b465ee728b)
Start importing Assets/Sprites/bg-hills.png using Guid(3c3cbdd1daee19f4b93e1276faa42668) Importer(815301076,1909f56bfc062723c751e8b465ee728b)  -> (artifact id: '4735335e9342223b4a21b916ea3e597c') in 0.046654 seconds 
========================================================================
Received Import Request.
  Time since last request: 0.000056 seconds.
  path: Assets/Sprites/plataforma  vertical.png
  artifactKey: Guid(1867dc7879b81bd4e820426f781939e5) Importer(815301076,1909f56bfc062723c751e8b465ee728b)
Start importing Assets/Sprites/plataforma  vertical.png using Guid(1867dc7879b81bd4e820426f781939e5) Importer(815301076,1909f56bfc062723c751e8b465ee728b)  -> (artifact id: 'e237cfe34a5215133a59cb4906f7e636') in 0.028605 seconds 
========================================================================
Received Import Request.
  Time since last request: 0.000139 seconds.
  path: Assets/Sprites/sprite_explosion_fx_0001.png
  artifactKey: Guid(9eeabac3ef0b11049baf90f39dcc6c9d) Importer(815301076,1909f56bfc062723c751e8b465ee728b)
Start importing Assets/Sprites/sprite_explosion_fx_0001.png using Guid(9eeabac3ef0b11049baf90f39dcc6c9d) Importer(815301076,1909f56bfc062723c751e8b465ee728b)  -> (artifact id: '1de5dbad9ea325af107d8f9d04f4834a') in 0.028546 seconds 
========================================================================
Received Import Request.
  Time since last request: 0.000052 seconds.
  path: Assets/Sprites/resize 1.png
  artifactKey: Guid(73304e3278ff55b4e814381cc661531e) Importer(815301076,1909f56bfc062723c751e8b465ee728b)
Start importing Assets/Sprites/resize 1.png using Guid(73304e3278ff55b4e814381cc661531e) Importer(815301076,1909f56bfc062723c751e8b465ee728b)  -> (artifact id: '39e4f0357ea53cb162442d3bb29fd792') in 0.024015 seconds 
========================================================================
Received Import Request.
  Time since last request: 0.526540 seconds.
  path: Assets/Scripts/ControlMenu.cs
  artifactKey: Guid(b2df814ca5b3ce4488fa20333a253fe7) Importer(815301076,1909f56bfc062723c751e8b465ee728b)
Start importing Assets/Scripts/ControlMenu.cs using Guid(b2df814ca5b3ce4488fa20333a253fe7) Importer(815301076,1909f56bfc062723c751e8b465ee728b)  -> (artifact id: '26ce7ca05f2ee60096a6451af02223ec') in 0.103077 seconds 
